<?xml version="1.0" encoding="UTF-8"?>
<testng-results skipped="0" failed="0" ignored="0" total="2" passed="2">
  <reporter-output>
  </reporter-output>
  <suite name="Suite" duration-ms="98217" started-at="2020-05-13T20:40:30 IST" finished-at="2020-05-13T20:42:08 IST">
    <groups>
    </groups>
    <test name="SyatemTest" duration-ms="98217" started-at="2020-05-13T20:40:30 IST" finished-at="2020-05-13T20:42:08 IST">
      <class name="com.capgemini.myntra.test.CouponsEndToEnd">
        <test-method status="PASS" signature="tests(java.lang.String, java.lang.String, java.lang.String, java.lang.String)[pri:0, instance:com.capgemini.myntra.test.CouponsEndToEnd@5e853265]" name="tests" is-config="true" duration-ms="34759" started-at="2020-05-13T20:40:57 IST" finished-at="2020-05-13T20:41:32 IST">
          <params>
            <param index="0">
              <value>
                <![CDATA[Kiran10114444@gmail.com]]>
              </value>
            </param>
            <param index="1">
              <value>
                <![CDATA[Saikiran@800]]>
              </value>
            </param>
            <param index="2">
              <value>
                <![CDATA[chrome]]>
              </value>
            </param>
            <param index="3">
              <value>
                <![CDATA[https://www.myntra.com/]]>
              </value>
            </param>
          </params>
          <reporter-output>
          </reporter-output>
        </test-method> <!-- tests -->
        <test-method status="PASS" signature="Test(java.lang.String)[pri:0, instance:com.capgemini.myntra.test.CouponsEndToEnd@5e853265]" name="Test" duration-ms="35914" started-at="2020-05-13T20:41:32 IST" finished-at="2020-05-13T20:42:08 IST">
          <params>
            <param index="0">
              <value>
                <![CDATA[AH456]]>
              </value>
            </param>
          </params>
          <reporter-output>
          </reporter-output>
        </test-method> <!-- Test -->
      </class> <!-- com.capgemini.myntra.test.CouponsEndToEnd -->
      <class name="com.capgemini.myntra.test.CreditEndToEnd">
        <test-method status="PASS" signature="tests(java.lang.String, java.lang.String, java.lang.String, java.lang.String)[pri:0, instance:com.capgemini.myntra.test.CreditEndToEnd@6c49835d]" name="tests" is-config="true" duration-ms="27286" started-at="2020-05-13T20:40:30 IST" finished-at="2020-05-13T20:40:57 IST">
          <params>
            <param index="0">
              <value>
                <![CDATA[Kiran10114444@gmail.com]]>
              </value>
            </param>
            <param index="1">
              <value>
                <![CDATA[Saikiran@800]]>
              </value>
            </param>
            <param index="2">
              <value>
                <![CDATA[chrome]]>
              </value>
            </param>
            <param index="3">
              <value>
                <![CDATA[https://www.myntra.com/]]>
              </value>
            </param>
          </params>
          <reporter-output>
          </reporter-output>
        </test-method> <!-- tests -->
        <test-method status="PASS" signature="Test()[pri:0, instance:com.capgemini.myntra.test.CreditEndToEnd@6c49835d]" name="Test" duration-ms="41050" started-at="2020-05-13T20:40:57 IST" finished-at="2020-05-13T20:41:38 IST">
          <reporter-output>
          </reporter-output>
        </test-method> <!-- Test -->
      </class> <!-- com.capgemini.myntra.test.CreditEndToEnd -->
    </test> <!-- SyatemTest -->
  </suite> <!-- Suite -->
</testng-results>
